
*** Running vivado
    with args -log runner_rom.vds -m64 -product Vivado -mode batch -messageDb vivado.pb -notrace -source runner_rom.tcl


****** Vivado v2017.2 (64-bit)
  **** SW Build 1909853 on Thu Jun 15 18:39:09 MDT 2017
  **** IP Build 1909766 on Thu Jun 15 19:58:00 MDT 2017
    ** Copyright 1986-2017 Xilinx, Inc. All Rights Reserved.

source runner_rom.tcl -notrace
Starting RTL Elaboration : Time (s): cpu = 00:00:06 ; elapsed = 00:00:07 . Memory (MB): peak = 320.266 ; gain = 85.590
INFO: [Synth 8-638] synthesizing module 'runner_rom' [c:/Users/Jason/Desktop/EGR 426/Project2/EGR-426-Project-2/Project2.srcs/sources_1/ip/runner_rom_1/synth/runner_rom.vhd:69]
INFO: [Synth 8-256] done synthesizing module 'runner_rom' (9#1) [c:/Users/Jason/Desktop/EGR 426/Project2/EGR-426-Project-2/Project2.srcs/sources_1/ip/runner_rom_1/synth/runner_rom.vhd:69]
Finished RTL Elaboration : Time (s): cpu = 00:00:53 ; elapsed = 00:00:54 . Memory (MB): peak = 576.824 ; gain = 342.148
Finished RTL Optimization Phase 1 : Time (s): cpu = 00:00:53 ; elapsed = 00:00:54 . Memory (MB): peak = 576.824 ; gain = 342.148
INFO: [Device 21-403] Loading part xc7a35tcpg236-1
Constraint Validation Runtime : Time (s): cpu = 00:00:00 ; elapsed = 00:00:00.014 . Memory (MB): peak = 614.820 ; gain = 1.500
Finished Constraint Validation : Time (s): cpu = 00:01:03 ; elapsed = 00:01:04 . Memory (MB): peak = 614.820 ; gain = 380.145
Finished Loading Part and Timing Information : Time (s): cpu = 00:01:03 ; elapsed = 00:01:04 . Memory (MB): peak = 614.820 ; gain = 380.145
Finished applying 'set_property' XDC Constraints : Time (s): cpu = 00:01:03 ; elapsed = 00:01:04 . Memory (MB): peak = 614.820 ; gain = 380.145
Finished RTL Optimization Phase 2 : Time (s): cpu = 00:01:03 ; elapsed = 00:01:04 . Memory (MB): peak = 614.820 ; gain = 380.145
Finished Cross Boundary and Area Optimization : Time (s): cpu = 00:01:03 ; elapsed = 00:01:05 . Memory (MB): peak = 614.820 ; gain = 380.145
Finished Applying XDC Timing Constraints : Time (s): cpu = 00:01:13 ; elapsed = 00:01:15 . Memory (MB): peak = 667.316 ; gain = 432.641
Finished Timing Optimization : Time (s): cpu = 00:01:13 ; elapsed = 00:01:15 . Memory (MB): peak = 667.391 ; gain = 432.715
Finished Technology Mapping : Time (s): cpu = 00:01:13 ; elapsed = 00:01:15 . Memory (MB): peak = 676.926 ; gain = 442.250
Finished IO Insertion : Time (s): cpu = 00:01:14 ; elapsed = 00:01:15 . Memory (MB): peak = 676.926 ; gain = 442.250
Finished Renaming Generated Instances : Time (s): cpu = 00:01:14 ; elapsed = 00:01:15 . Memory (MB): peak = 676.926 ; gain = 442.250
Finished Rebuilding User Hierarchy : Time (s): cpu = 00:01:14 ; elapsed = 00:01:15 . Memory (MB): peak = 676.926 ; gain = 442.250
Finished Renaming Generated Ports : Time (s): cpu = 00:01:14 ; elapsed = 00:01:15 . Memory (MB): peak = 676.926 ; gain = 442.250
Finished Handling Custom Attributes : Time (s): cpu = 00:01:14 ; elapsed = 00:01:15 . Memory (MB): peak = 676.926 ; gain = 442.250
Finished Renaming Generated Nets : Time (s): cpu = 00:01:14 ; elapsed = 00:01:15 . Memory (MB): peak = 676.926 ; gain = 442.250

Report Cell Usage: 
+------+---------+------+
|      |Cell     |Count |
+------+---------+------+
|1     |RAMB36E1 |     1|
+------+---------+------+
Finished Writing Synthesis Report : Time (s): cpu = 00:01:14 ; elapsed = 00:01:15 . Memory (MB): peak = 676.926 ; gain = 442.250
synth_design: Time (s): cpu = 00:01:16 ; elapsed = 00:01:18 . Memory (MB): peak = 686.434 ; gain = 453.527
