Copyright 1986-2017 Xilinx, Inc. All Rights Reserved.
-------------------------------------------------------------------------------------
| Tool Version : Vivado v.2017.2 (win64) Build 1909853 Thu Jun 15 18:39:09 MDT 2017
| Date         : Wed Mar 21 21:26:13 2018
| Host         : 25thBam running 64-bit major release  (build 9200)
| Command      : report_control_sets -verbose -file Game_Top_control_sets_placed.rpt
| Design       : Game_Top
| Device       : xc7a35t
-------------------------------------------------------------------------------------

Control Set Information

Table of Contents
-----------------
1. Summary
2. Flip-Flop Distribution
3. Detailed Control Set Information

1. Summary
----------

+----------------------------------------------------------+-------+
|                          Status                          | Count |
+----------------------------------------------------------+-------+
| Number of unique control sets                            |    15 |
| Unused register locations in slices containing registers |    84 |
+----------------------------------------------------------+-------+


2. Flip-Flop Distribution
-------------------------

+--------------+-----------------------+------------------------+-----------------+--------------+
| Clock Enable | Synchronous Set/Reset | Asynchronous Set/Reset | Total Registers | Total Slices |
+--------------+-----------------------+------------------------+-----------------+--------------+
| No           | No                    | No                     |              14 |           12 |
| No           | No                    | Yes                    |               3 |            3 |
| No           | Yes                   | No                     |              13 |            6 |
| Yes          | No                    | No                     |               0 |            0 |
| Yes          | No                    | Yes                    |              64 |           16 |
| Yes          | Yes                   | No                     |              22 |            8 |
+--------------+-----------------------+------------------------+-----------------+--------------+


3. Detailed Control Set Information
-----------------------------------

+----------------------------------+-------------------------+-----------------------------+------------------+----------------+
|           Clock Signal           |      Enable Signal      |       Set/Reset Signal      | Slice Load Count | Bel Load Count |
+----------------------------------+-------------------------+-----------------------------+------------------+----------------+
|  c1/inst/clk_out1                |                         | v1/HS0                      |                1 |              1 |
|  cl1/collision_local_reg_i_1_n_0 |                         | reset_IBUF                  |                1 |              1 |
|  h1/flag2                        |                         |                             |                1 |              1 |
|  h1/flag3                        |                         |                             |                1 |              1 |
|  h1/flag                         |                         |                             |                1 |              1 |
|  VSYNC_OBUF_BUFG                 |                         |                             |                2 |              2 |
|  VSYNC_OBUF_BUFG                 |                         | reset_IBUF                  |                3 |              3 |
|  c1/inst/clk_out1                |                         |                             |                7 |              9 |
|  c1/inst/clk_out1                |                         | v1/hcounter[10]_i_1_n_0     |                4 |             11 |
|  c1/inst/clk_out1                | v1/vcounter[10]_i_2_n_0 | v1/vcounter[10]_i_1_n_0     |                5 |             11 |
|  VSYNC_OBUF_BUFG                 | r1/Runner_Y_Pos         | r1/Runner_Y_Pos[10]_i_1_n_0 |                3 |             11 |
|  VSYNC_OBUF_BUFG                 | h1/Object_X_pos0        | reset_IBUF                  |                2 |             11 |
|  VSYNC_OBUF_BUFG                 | h1/Object_X_pos20       | reset_IBUF                  |                2 |             11 |
|  VSYNC_OBUF_BUFG                 | h1/Object_X_pos30       | reset_IBUF                  |                3 |             11 |
|  VSYNC_OBUF_BUFG                 | h1/tempRound0           | reset_IBUF                  |                9 |             31 |
+----------------------------------+-------------------------+-----------------------------+------------------+----------------+


+--------+-----------------------+
| Fanout | Number of ControlSets |
+--------+-----------------------+
| 1      |                     5 |
| 2      |                     1 |
| 3      |                     1 |
| 9      |                     1 |
| 11     |                     6 |
| 16+    |                     1 |
+--------+-----------------------+


