
*** Running vivado
    with args -log runner_rom.vds -m64 -product Vivado -mode batch -messageDb vivado.pb -notrace -source runner_rom.tcl


****** Vivado v2017.2 (64-bit)
  **** SW Build 1909853 on Thu Jun 15 18:39:09 MDT 2017
  **** IP Build 1909766 on Thu Jun 15 19:58:00 MDT 2017
    ** Copyright 1986-2017 Xilinx, Inc. All Rights Reserved.

source runner_rom.tcl -notrace
Starting RTL Elaboration : Time (s): cpu = 00:00:05 ; elapsed = 00:00:06 . Memory (MB): peak = 320.391 ; gain = 85.559
INFO: [Synth 8-638] synthesizing module 'runner_rom' [c:/Users/Jason/Desktop/EGR 426/Project2/EGR-426-Project-2/Project2.srcs/sources_1/ip/runner_rom_1/synth/runner_rom.vhd:69]
INFO: [Synth 8-256] done synthesizing module 'runner_rom' (9#1) [c:/Users/Jason/Desktop/EGR 426/Project2/EGR-426-Project-2/Project2.srcs/sources_1/ip/runner_rom_1/synth/runner_rom.vhd:69]
Finished RTL Elaboration : Time (s): cpu = 00:00:53 ; elapsed = 00:00:54 . Memory (MB): peak = 577.070 ; gain = 342.238
Finished RTL Optimization Phase 1 : Time (s): cpu = 00:00:53 ; elapsed = 00:00:54 . Memory (MB): peak = 577.070 ; gain = 342.238
INFO: [Device 21-403] Loading part xc7a35tcpg236-1
Constraint Validation Runtime : Time (s): cpu = 00:00:00 ; elapsed = 00:00:00.015 . Memory (MB): peak = 623.191 ; gain = 1.500
Finished Constraint Validation : Time (s): cpu = 00:01:02 ; elapsed = 00:01:04 . Memory (MB): peak = 623.191 ; gain = 388.359
Finished Loading Part and Timing Information : Time (s): cpu = 00:01:02 ; elapsed = 00:01:04 . Memory (MB): peak = 623.191 ; gain = 388.359
Finished applying 'set_property' XDC Constraints : Time (s): cpu = 00:01:02 ; elapsed = 00:01:04 . Memory (MB): peak = 623.191 ; gain = 388.359
Finished RTL Optimization Phase 2 : Time (s): cpu = 00:01:02 ; elapsed = 00:01:04 . Memory (MB): peak = 623.191 ; gain = 388.359
Finished Cross Boundary and Area Optimization : Time (s): cpu = 00:01:03 ; elapsed = 00:01:05 . Memory (MB): peak = 623.191 ; gain = 388.359
Finished Applying XDC Timing Constraints : Time (s): cpu = 00:01:13 ; elapsed = 00:01:15 . Memory (MB): peak = 673.098 ; gain = 438.266
Finished Timing Optimization : Time (s): cpu = 00:01:13 ; elapsed = 00:01:15 . Memory (MB): peak = 673.246 ; gain = 438.414
Finished Technology Mapping : Time (s): cpu = 00:01:13 ; elapsed = 00:01:15 . Memory (MB): peak = 683.289 ; gain = 448.457
Finished IO Insertion : Time (s): cpu = 00:01:13 ; elapsed = 00:01:15 . Memory (MB): peak = 683.289 ; gain = 448.457
Finished Renaming Generated Instances : Time (s): cpu = 00:01:13 ; elapsed = 00:01:15 . Memory (MB): peak = 683.289 ; gain = 448.457
Finished Rebuilding User Hierarchy : Time (s): cpu = 00:01:13 ; elapsed = 00:01:16 . Memory (MB): peak = 683.289 ; gain = 448.457
Finished Renaming Generated Ports : Time (s): cpu = 00:01:13 ; elapsed = 00:01:16 . Memory (MB): peak = 683.289 ; gain = 448.457
Finished Handling Custom Attributes : Time (s): cpu = 00:01:13 ; elapsed = 00:01:16 . Memory (MB): peak = 683.289 ; gain = 448.457
Finished Renaming Generated Nets : Time (s): cpu = 00:01:13 ; elapsed = 00:01:16 . Memory (MB): peak = 683.289 ; gain = 448.457

Report Cell Usage: 
+------+---------+------+
|      |Cell     |Count |
+------+---------+------+
|1     |RAMB18E1 |     1|
|2     |RAMB36E1 |     1|
+------+---------+------+
Finished Writing Synthesis Report : Time (s): cpu = 00:01:13 ; elapsed = 00:01:16 . Memory (MB): peak = 683.289 ; gain = 448.457
synth_design: Time (s): cpu = 00:01:15 ; elapsed = 00:01:18 . Memory (MB): peak = 692.484 ; gain = 459.605
