
*** Running vivado
    with args -log rom1kx8.vds -m64 -product Vivado -mode batch -messageDb vivado.pb -notrace -source rom1kx8.tcl


****** Vivado v2017.2 (64-bit)
  **** SW Build 1909853 on Thu Jun 15 18:39:09 MDT 2017
  **** IP Build 1909766 on Thu Jun 15 19:58:00 MDT 2017
    ** Copyright 1986-2017 Xilinx, Inc. All Rights Reserved.

source rom1kx8.tcl -notrace
Starting RTL Elaboration : Time (s): cpu = 00:00:06 ; elapsed = 00:00:06 . Memory (MB): peak = 320.258 ; gain = 85.406
INFO: [Synth 8-638] synthesizing module 'rom1kx8' [c:/Users/Jason/Desktop/EGR 426/Project2/EGR-426-Project-2/Project2.srcs/sources_1/ip/rom1kx8/synth/rom1kx8.vhd:67]
INFO: [Synth 8-256] done synthesizing module 'rom1kx8' (9#1) [c:/Users/Jason/Desktop/EGR 426/Project2/EGR-426-Project-2/Project2.srcs/sources_1/ip/rom1kx8/synth/rom1kx8.vhd:67]
Finished RTL Elaboration : Time (s): cpu = 00:00:52 ; elapsed = 00:00:53 . Memory (MB): peak = 579.535 ; gain = 344.684
Finished RTL Optimization Phase 1 : Time (s): cpu = 00:00:52 ; elapsed = 00:00:53 . Memory (MB): peak = 579.535 ; gain = 344.684
INFO: [Device 21-403] Loading part xc7a35tcpg236-1
Constraint Validation Runtime : Time (s): cpu = 00:00:00 ; elapsed = 00:00:00.014 . Memory (MB): peak = 614.879 ; gain = 1.504
Finished Constraint Validation : Time (s): cpu = 00:01:01 ; elapsed = 00:01:03 . Memory (MB): peak = 614.879 ; gain = 380.027
Finished Loading Part and Timing Information : Time (s): cpu = 00:01:01 ; elapsed = 00:01:03 . Memory (MB): peak = 614.879 ; gain = 380.027
Finished applying 'set_property' XDC Constraints : Time (s): cpu = 00:01:01 ; elapsed = 00:01:03 . Memory (MB): peak = 614.879 ; gain = 380.027
Finished RTL Optimization Phase 2 : Time (s): cpu = 00:01:01 ; elapsed = 00:01:03 . Memory (MB): peak = 614.879 ; gain = 380.027
Finished Cross Boundary and Area Optimization : Time (s): cpu = 00:01:02 ; elapsed = 00:01:03 . Memory (MB): peak = 614.879 ; gain = 380.027
Finished Applying XDC Timing Constraints : Time (s): cpu = 00:01:12 ; elapsed = 00:01:13 . Memory (MB): peak = 667.586 ; gain = 432.734
Finished Timing Optimization : Time (s): cpu = 00:01:12 ; elapsed = 00:01:13 . Memory (MB): peak = 667.586 ; gain = 432.734
Finished Technology Mapping : Time (s): cpu = 00:01:12 ; elapsed = 00:01:13 . Memory (MB): peak = 677.121 ; gain = 442.270
Finished IO Insertion : Time (s): cpu = 00:01:12 ; elapsed = 00:01:14 . Memory (MB): peak = 677.121 ; gain = 442.270
Finished Renaming Generated Instances : Time (s): cpu = 00:01:12 ; elapsed = 00:01:14 . Memory (MB): peak = 677.121 ; gain = 442.270
Finished Rebuilding User Hierarchy : Time (s): cpu = 00:01:12 ; elapsed = 00:01:14 . Memory (MB): peak = 677.121 ; gain = 442.270
Finished Renaming Generated Ports : Time (s): cpu = 00:01:12 ; elapsed = 00:01:14 . Memory (MB): peak = 677.121 ; gain = 442.270
Finished Handling Custom Attributes : Time (s): cpu = 00:01:12 ; elapsed = 00:01:14 . Memory (MB): peak = 677.121 ; gain = 442.270
Finished Renaming Generated Nets : Time (s): cpu = 00:01:12 ; elapsed = 00:01:14 . Memory (MB): peak = 677.121 ; gain = 442.270

Report Cell Usage: 
+------+---------+------+
|      |Cell     |Count |
+------+---------+------+
|1     |RAMB18E1 |     1|
+------+---------+------+
Finished Writing Synthesis Report : Time (s): cpu = 00:01:12 ; elapsed = 00:01:14 . Memory (MB): peak = 677.121 ; gain = 442.270
synth_design: Time (s): cpu = 00:01:14 ; elapsed = 00:01:16 . Memory (MB): peak = 688.465 ; gain = 455.445
