
*** Running vivado
    with args -log rom1kx8.vds -m64 -product Vivado -mode batch -messageDb vivado.pb -notrace -source rom1kx8.tcl


****** Vivado v2017.2 (64-bit)
  **** SW Build 1909853 on Thu Jun 15 18:39:09 MDT 2017
  **** IP Build 1909766 on Thu Jun 15 19:58:00 MDT 2017
    ** Copyright 1986-2017 Xilinx, Inc. All Rights Reserved.

source rom1kx8.tcl -notrace
Starting RTL Elaboration : Time (s): cpu = 00:00:07 ; elapsed = 00:00:07 . Memory (MB): peak = 320.418 ; gain = 85.707
INFO: [Synth 8-638] synthesizing module 'rom1kx8' [c:/Users/Jason/Desktop/EGR 426/Project2/EGR-426-Project-2/Project2.srcs/sources_1/ip/rom1kx8/synth/rom1kx8.vhd:70]
INFO: [Synth 8-256] done synthesizing module 'rom1kx8' (9#1) [c:/Users/Jason/Desktop/EGR 426/Project2/EGR-426-Project-2/Project2.srcs/sources_1/ip/rom1kx8/synth/rom1kx8.vhd:70]
Finished RTL Elaboration : Time (s): cpu = 00:00:55 ; elapsed = 00:00:57 . Memory (MB): peak = 576.203 ; gain = 341.492
Finished RTL Optimization Phase 1 : Time (s): cpu = 00:00:55 ; elapsed = 00:00:57 . Memory (MB): peak = 576.203 ; gain = 341.492
INFO: [Device 21-403] Loading part xc7a35tcpg236-1
Constraint Validation Runtime : Time (s): cpu = 00:00:00 ; elapsed = 00:00:00.013 . Memory (MB): peak = 615.461 ; gain = 1.500
Finished Constraint Validation : Time (s): cpu = 00:01:05 ; elapsed = 00:01:08 . Memory (MB): peak = 615.461 ; gain = 380.750
Finished Loading Part and Timing Information : Time (s): cpu = 00:01:05 ; elapsed = 00:01:08 . Memory (MB): peak = 615.461 ; gain = 380.750
Finished applying 'set_property' XDC Constraints : Time (s): cpu = 00:01:05 ; elapsed = 00:01:08 . Memory (MB): peak = 615.461 ; gain = 380.750
Finished RTL Optimization Phase 2 : Time (s): cpu = 00:01:05 ; elapsed = 00:01:08 . Memory (MB): peak = 615.461 ; gain = 380.750
Finished Cross Boundary and Area Optimization : Time (s): cpu = 00:01:06 ; elapsed = 00:01:08 . Memory (MB): peak = 615.461 ; gain = 380.750
Finished Applying XDC Timing Constraints : Time (s): cpu = 00:01:16 ; elapsed = 00:01:20 . Memory (MB): peak = 667.645 ; gain = 432.934
Finished Timing Optimization : Time (s): cpu = 00:01:16 ; elapsed = 00:01:20 . Memory (MB): peak = 667.645 ; gain = 432.934
Finished Technology Mapping : Time (s): cpu = 00:01:16 ; elapsed = 00:01:20 . Memory (MB): peak = 677.176 ; gain = 442.465
Finished IO Insertion : Time (s): cpu = 00:01:17 ; elapsed = 00:01:20 . Memory (MB): peak = 677.176 ; gain = 442.465
Finished Renaming Generated Instances : Time (s): cpu = 00:01:17 ; elapsed = 00:01:20 . Memory (MB): peak = 677.176 ; gain = 442.465
Finished Rebuilding User Hierarchy : Time (s): cpu = 00:01:17 ; elapsed = 00:01:20 . Memory (MB): peak = 677.176 ; gain = 442.465
Finished Renaming Generated Ports : Time (s): cpu = 00:01:17 ; elapsed = 00:01:21 . Memory (MB): peak = 677.176 ; gain = 442.465
Finished Handling Custom Attributes : Time (s): cpu = 00:01:17 ; elapsed = 00:01:21 . Memory (MB): peak = 677.176 ; gain = 442.465
Finished Renaming Generated Nets : Time (s): cpu = 00:01:17 ; elapsed = 00:01:21 . Memory (MB): peak = 677.176 ; gain = 442.465

Report Cell Usage: 
+------+---------+------+
|      |Cell     |Count |
+------+---------+------+
|1     |RAMB18E1 |     1|
+------+---------+------+
Finished Writing Synthesis Report : Time (s): cpu = 00:01:17 ; elapsed = 00:01:21 . Memory (MB): peak = 677.176 ; gain = 442.465
synth_design: Time (s): cpu = 00:01:19 ; elapsed = 00:01:23 . Memory (MB): peak = 686.359 ; gain = 453.340
